Build started 3/11/2014 1:52:49 PM.
     1>Project "C:\Users\elarkham14\Documents\Ethan\C++\Lab 3-10\Problem1\Problem1\Problem1.vcxproj" on node 2 (build target(s)).
     1>InitializeBuildStatus:
         Creating "Debug\Problem1.unsuccessfulbuild" because "AlwaysCreate" was specified.
       ClCompile:
         c:\Program Files\Microsoft Visual Studio 10.0\VC\bin\CL.exe /c /ZI /nologo /W3 /WX- /Od /Oy- /D _MBCS /Gm /EHsc /RTC1 /MDd /GS /fp:precise /Zc:wchar_t /Zc:forScope /Fo"Debug\\" /Fd"Debug\vc100.pdb" /Gd /TP /analyze- /errorReport:prompt main.cpp
         main.cpp
       Link:
         c:\Program Files\Microsoft Visual Studio 10.0\VC\bin\link.exe /ERRORREPORT:PROMPT /OUT:"C:\Users\elarkham14\Documents\Ethan\C++\Lab 3-10\Problem1\Debug\Problem1.exe" /NOLOGO kernel32.lib user32.lib gdi32.lib winspool.lib comdlg32.lib advapi32.lib shell32.lib ole32.lib oleaut32.lib uuid.lib odbc32.lib odbccp32.lib /MANIFEST /ManifestFile:"Debug\Problem1.exe.intermediate.manifest" /MANIFESTUAC:"level='asInvoker' uiAccess='false'" /DEBUG /PDB:"C:\Users\elarkham14\Documents\Ethan\C++\Lab 3-10\Problem1\Debug\Problem1.pdb" /SUBSYSTEM:CONSOLE /TLBID:1 /DYNAMICBASE /NXCOMPAT /IMPLIB:"C:\Users\elarkham14\Documents\Ethan\C++\Lab 3-10\Problem1\Debug\Problem1.lib" /MACHINE:X86 Debug\fraction.obj
         Debug\main.obj
         LINK : C:\Users\elarkham14\Documents\Ethan\C++\Lab 3-10\Problem1\Debug\Problem1.exe not found or not built by the last incremental link; performing full link
         Problem1.vcxproj -> C:\Users\elarkham14\Documents\Ethan\C++\Lab 3-10\Problem1\Debug\Problem1.exe
       Manifest:
         C:\Program Files\Microsoft SDKs\Windows\v7.0A\bin\mt.exe /nologo /verbose /outputresource:"C:\Users\elarkham14\Documents\Ethan\C++\Lab 3-10\Problem1\Debug\Problem1.exe;#1" /manifest Debug\Problem1.exe.intermediate.manifest
       FinalizeBuildStatus:
         Deleting file "Debug\Problem1.unsuccessfulbuild".
         Touching "Debug\Problem1.lastbuildstate".
     1>Done Building Project "C:\Users\elarkham14\Documents\Ethan\C++\Lab 3-10\Problem1\Problem1\Problem1.vcxproj" (build target(s)).

Build succeeded.

Time Elapsed 00:00:01.74
